<?xml version="1.0" encoding="UTF-8"?>
<testsuite name="com.dongkii.book.springboot.web.domain.posts.PostsRepositoryTest" tests="2" skipped="0" failures="0" errors="0" timestamp="2022-02-13T15:29:56" hostname="DONGKII_PC" time="0.158">
  <properties/>
  <testcase name="게시글저장_불러오기()" classname="com.dongkii.book.springboot.web.domain.posts.PostsRepositoryTest" time="0.148"/>
  <testcase name="BaseTimeEntity_등록()" classname="com.dongkii.book.springboot.web.domain.posts.PostsRepositoryTest" time="0.009"/>
  <system-out><![CDATA[2022-02-14 00:29:54.305  INFO 8548 --- [    Test worker] .b.t.c.SpringBootTestContextBootstrapper : Neither @ContextConfiguration nor @ContextHierarchy found for test class [com.dongkii.book.springboot.web.domain.posts.PostsRepositoryTest], using SpringBootContextLoader
2022-02-14 00:29:54.305  INFO 8548 --- [    Test worker] o.s.t.c.support.AbstractContextLoader    : Could not detect default resource locations for test class [com.dongkii.book.springboot.web.domain.posts.PostsRepositoryTest]: no resource found for suffixes {-context.xml, Context.groovy}.
2022-02-14 00:29:54.305  INFO 8548 --- [    Test worker] t.c.s.AnnotationConfigContextLoaderUtils : Could not detect default configuration classes for test class [com.dongkii.book.springboot.web.domain.posts.PostsRepositoryTest]: PostsRepositoryTest does not declare any static, non-private, non-final, nested classes annotated with @Configuration.
2022-02-14 00:29:54.312  INFO 8548 --- [    Test worker] .b.t.c.SpringBootTestContextBootstrapper : Found @SpringBootConfiguration com.dongkii.book.springboot.Application for test class com.dongkii.book.springboot.web.domain.posts.PostsRepositoryTest
2022-02-14 00:29:54.316  INFO 8548 --- [    Test worker] .b.t.c.SpringBootTestContextBootstrapper : Loaded default TestExecutionListener class names from location [META-INF/spring.factories]: [org.springframework.security.test.context.support.WithSecurityContextTestExecutionListener, org.springframework.security.test.context.support.ReactorContextTestExecutionListener, org.springframework.boot.test.autoconfigure.restdocs.RestDocsTestExecutionListener, org.springframework.boot.test.autoconfigure.web.client.MockRestServiceServerResetTestExecutionListener, org.springframework.boot.test.autoconfigure.web.servlet.MockMvcPrintOnlyOnFailureTestExecutionListener, org.springframework.boot.test.autoconfigure.web.servlet.WebDriverTestExecutionListener, org.springframework.boot.test.autoconfigure.webservices.client.MockWebServiceServerTestExecutionListener, org.springframework.boot.test.mock.mockito.MockitoTestExecutionListener, org.springframework.boot.test.mock.mockito.ResetMocksTestExecutionListener, org.springframework.test.context.web.ServletTestExecutionListener, org.springframework.test.context.support.DirtiesContextBeforeModesTestExecutionListener, org.springframework.test.context.support.DependencyInjectionTestExecutionListener, org.springframework.test.context.support.DirtiesContextTestExecutionListener, org.springframework.test.context.transaction.TransactionalTestExecutionListener, org.springframework.test.context.jdbc.SqlScriptsTestExecutionListener, org.springframework.test.context.event.EventPublishingTestExecutionListener]
2022-02-14 00:29:54.316  INFO 8548 --- [    Test worker] .b.t.c.SpringBootTestContextBootstrapper : Using TestExecutionListeners: [org.springframework.test.context.web.ServletTestExecutionListener@1d99f7e3, org.springframework.test.context.support.DirtiesContextBeforeModesTestExecutionListener@6683b4d4, org.springframework.boot.test.mock.mockito.MockitoTestExecutionListener@77318d68, org.springframework.boot.test.autoconfigure.SpringBootDependencyInjectionTestExecutionListener@77e74046, org.springframework.test.context.support.DirtiesContextTestExecutionListener@251387b6, org.springframework.test.context.transaction.TransactionalTestExecutionListener@5e4da2d4, org.springframework.test.context.jdbc.SqlScriptsTestExecutionListener@256c2eb8, org.springframework.security.test.context.support.WithSecurityContextTestExecutionListener@68c4af23, org.springframework.test.context.event.EventPublishingTestExecutionListener@51d3abba, org.springframework.security.test.context.support.ReactorContextTestExecutionListener@623be856, org.springframework.boot.test.autoconfigure.restdocs.RestDocsTestExecutionListener@26e61347, org.springframework.boot.test.autoconfigure.web.client.MockRestServiceServerResetTestExecutionListener@6b960d0f, org.springframework.boot.test.autoconfigure.web.servlet.MockMvcPrintOnlyOnFailureTestExecutionListener@2754f5bc, org.springframework.boot.test.autoconfigure.web.servlet.WebDriverTestExecutionListener@1a90d058, org.springframework.boot.test.autoconfigure.webservices.client.MockWebServiceServerTestExecutionListener@c7a9466, org.springframework.boot.test.mock.mockito.ResetMocksTestExecutionListener@575f1e93]

  .   ____          _            __ _ _
 /\\ / ___'_ __ _ _(_)_ __  __ _ \ \ \ \
( ( )\___ | '_ | '_| | '_ \/ _` | \ \ \ \
 \\/  ___)| |_)| | | | | || (_| |  ) ) ) )
  '  |____| .__|_| |_|_| |_\__, | / / / /
 =========|_|==============|___/=/_/_/_/
 :: Spring Boot ::                (v2.4.1)

2022-02-14 00:29:54.335  INFO 8548 --- [    Test worker] c.d.b.s.w.d.posts.PostsRepositoryTest    : Starting PostsRepositoryTest using Java 11.0.14 on dongkii_pc with PID 8548 (started by dongkii in C:\Users\dongkii\IdeaProjects\spring-boot-webservice)
2022-02-14 00:29:54.335  INFO 8548 --- [    Test worker] c.d.b.s.w.d.posts.PostsRepositoryTest    : The following profiles are active: oauth
2022-02-14 00:29:54.597  INFO 8548 --- [    Test worker] .s.d.r.c.RepositoryConfigurationDelegate : Bootstrapping Spring Data JPA repositories in DEFAULT mode.
2022-02-14 00:29:54.639  INFO 8548 --- [    Test worker] .s.d.r.c.RepositoryConfigurationDelegate : Finished Spring Data repository scanning in 37 ms. Found 2 JPA repository interfaces.
2022-02-14 00:29:55.056  INFO 8548 --- [    Test worker] com.zaxxer.hikari.HikariDataSource       : HikariPool-1 - Starting...
2022-02-14 00:29:55.208  INFO 8548 --- [    Test worker] com.zaxxer.hikari.HikariDataSource       : HikariPool-1 - Start completed.
2022-02-14 00:29:55.270  INFO 8548 --- [    Test worker] o.hibernate.jpa.internal.util.LogHelper  : HHH000204: Processing PersistenceUnitInfo [name: default]
2022-02-14 00:29:55.321  INFO 8548 --- [    Test worker] org.hibernate.Version                    : HHH000412: Hibernate ORM core version 5.4.25.Final
2022-02-14 00:29:55.363  INFO 8548 --- [    Test worker] o.hibernate.annotations.common.Version   : HCANN000001: Hibernate Commons Annotations {5.1.2.Final}
2022-02-14 00:29:55.464  INFO 8548 --- [    Test worker] org.hibernate.dialect.Dialect            : HHH000400: Using dialect: org.hibernate.dialect.MySQL57Dialect
Hibernate: drop table if exists posts
Hibernate: drop table if exists user
Hibernate: create table posts (id bigint not null auto_increment, created_date datetime(6), modified_date datetime(6), author varchar(255), content TEXT not null, title varchar(500) not null, primary key (id)) engine=InnoDB
Hibernate: create table user (id bigint not null auto_increment, created_date datetime(6), modified_date datetime(6), email varchar(255) not null, name varchar(255) not null, picture varchar(255), role varchar(255) not null, primary key (id)) engine=InnoDB
2022-02-14 00:29:55.959  INFO 8548 --- [    Test worker] o.h.e.t.j.p.i.JtaPlatformInitiator       : HHH000490: Using JtaPlatform implementation: [org.hibernate.engine.transaction.jta.platform.internal.NoJtaPlatform]
2022-02-14 00:29:55.967  INFO 8548 --- [    Test worker] j.LocalContainerEntityManagerFactoryBean : Initialized JPA EntityManagerFactory for persistence unit 'default'
2022-02-14 00:29:56.315  WARN 8548 --- [    Test worker] JpaBaseConfiguration$JpaWebConfiguration : spring.jpa.open-in-view is enabled by default. Therefore, database queries may be performed during view rendering. Explicitly configure spring.jpa.open-in-view to disable this warning
2022-02-14 00:29:56.571  INFO 8548 --- [    Test worker] o.s.s.web.DefaultSecurityFilterChain     : Will secure any request with [org.springframework.security.web.context.request.async.WebAsyncManagerIntegrationFilter@62dd75f4, org.springframework.security.web.context.SecurityContextPersistenceFilter@769c7a6, org.springframework.security.web.header.HeaderWriterFilter@5bc58b7f, org.springframework.security.web.authentication.logout.LogoutFilter@5512752f, org.springframework.security.oauth2.client.web.OAuth2AuthorizationRequestRedirectFilter@4d40a8a6, org.springframework.security.oauth2.client.web.OAuth2LoginAuthenticationFilter@d38717c, org.springframework.security.web.authentication.ui.DefaultLoginPageGeneratingFilter@a03318, org.springframework.security.web.authentication.ui.DefaultLogoutPageGeneratingFilter@169d0550, org.springframework.security.web.savedrequest.RequestCacheAwareFilter@35c0da77, org.springframework.security.web.servletapi.SecurityContextHolderAwareRequestFilter@422921c3, org.springframework.security.web.authentication.AnonymousAuthenticationFilter@5ed09abd, org.springframework.security.web.session.SessionManagementFilter@4b01395f, org.springframework.security.web.access.ExceptionTranslationFilter@44aec6aa, org.springframework.security.web.access.intercept.FilterSecurityInterceptor@5bb5e027]
2022-02-14 00:29:56.731  INFO 8548 --- [    Test worker] o.s.s.concurrent.ThreadPoolTaskExecutor  : Initializing ExecutorService 'applicationTaskExecutor'
2022-02-14 00:29:56.742  INFO 8548 --- [    Test worker] o.s.b.a.h2.H2ConsoleAutoConfiguration    : H2 console available at '/h2-console'. Database available at 'jdbc:h2:mem:testdb'
2022-02-14 00:29:56.760  INFO 8548 --- [    Test worker] o.s.b.a.w.s.WelcomePageHandlerMapping    : Adding welcome page template: index
2022-02-14 00:29:56.977  INFO 8548 --- [    Test worker] s.a.ScheduledAnnotationBeanPostProcessor : No TaskScheduler/ScheduledExecutorService bean found for scheduled processing
2022-02-14 00:29:56.982  INFO 8548 --- [    Test worker] c.d.b.s.w.d.posts.PostsRepositoryTest    : Started PostsRepositoryTest in 2.665 seconds (JVM running for 5.635)
Hibernate: insert into posts (created_date, modified_date, author, content, title) values (?, ?, ?, ?, ?)
Hibernate: select posts0_.id as id1_0_, posts0_.created_date as created_2_0_, posts0_.modified_date as modified3_0_, posts0_.author as author4_0_, posts0_.content as content5_0_, posts0_.title as title6_0_ from posts posts0_
Hibernate: select posts0_.id as id1_0_, posts0_.created_date as created_2_0_, posts0_.modified_date as modified3_0_, posts0_.author as author4_0_, posts0_.content as content5_0_, posts0_.title as title6_0_ from posts posts0_
Hibernate: delete from posts where id=?
Hibernate: insert into posts (created_date, modified_date, author, content, title) values (?, ?, ?, ?, ?)
Hibernate: select posts0_.id as id1_0_, posts0_.created_date as created_2_0_, posts0_.modified_date as modified3_0_, posts0_.author as author4_0_, posts0_.content as content5_0_, posts0_.title as title6_0_ from posts posts0_
>>>>>>>>> createDate=2022-02-14T00:29:57.135820, modifiedDate=2022-02-14T00:29:57.135820
Hibernate: select posts0_.id as id1_0_, posts0_.created_date as created_2_0_, posts0_.modified_date as modified3_0_, posts0_.author as author4_0_, posts0_.content as content5_0_, posts0_.title as title6_0_ from posts posts0_
Hibernate: delete from posts where id=?
]]></system-out>
  <system-err><![CDATA[]]></system-err>
</testsuite>
