<?xml version="1.0" encoding="UTF-8"?>
<testsuite name="com.dongkii.book.springboot.web.HelloControllerTest" tests="2" skipped="0" failures="0" errors="0" timestamp="2022-02-13T15:29:53" hostname="DONGKII_PC" time="0.442">
  <properties/>
  <testcase name="hello가_리턴된다()" classname="com.dongkii.book.springboot.web.HelloControllerTest" time="0.332"/>
  <testcase name="helloDto가_리턴된다()" classname="com.dongkii.book.springboot.web.HelloControllerTest" time="0.108"/>
  <system-out><![CDATA[00:29:52.035 [Test worker] DEBUG org.springframework.test.context.BootstrapUtils - Instantiating CacheAwareContextLoaderDelegate from class [org.springframework.test.context.cache.DefaultCacheAwareContextLoaderDelegate]
00:29:52.045 [Test worker] DEBUG org.springframework.test.context.BootstrapUtils - Instantiating BootstrapContext using constructor [public org.springframework.test.context.support.DefaultBootstrapContext(java.lang.Class,org.springframework.test.context.CacheAwareContextLoaderDelegate)]
00:29:52.075 [Test worker] DEBUG org.springframework.test.context.BootstrapUtils - Instantiating TestContextBootstrapper for test class [com.dongkii.book.springboot.web.HelloControllerTest] from class [org.springframework.boot.test.autoconfigure.web.servlet.WebMvcTestContextBootstrapper]
00:29:52.083 [Test worker] INFO org.springframework.boot.test.autoconfigure.web.servlet.WebMvcTestContextBootstrapper - Neither @ContextConfiguration nor @ContextHierarchy found for test class [com.dongkii.book.springboot.web.HelloControllerTest], using SpringBootContextLoader
00:29:52.086 [Test worker] DEBUG org.springframework.test.context.support.AbstractContextLoader - Did not detect default resource location for test class [com.dongkii.book.springboot.web.HelloControllerTest]: class path resource [com/dongkii/book/springboot/web/HelloControllerTest-context.xml] does not exist
00:29:52.087 [Test worker] DEBUG org.springframework.test.context.support.AbstractContextLoader - Did not detect default resource location for test class [com.dongkii.book.springboot.web.HelloControllerTest]: class path resource [com/dongkii/book/springboot/web/HelloControllerTestContext.groovy] does not exist
00:29:52.087 [Test worker] INFO org.springframework.test.context.support.AbstractContextLoader - Could not detect default resource locations for test class [com.dongkii.book.springboot.web.HelloControllerTest]: no resource found for suffixes {-context.xml, Context.groovy}.
00:29:52.087 [Test worker] INFO org.springframework.test.context.support.AnnotationConfigContextLoaderUtils - Could not detect default configuration classes for test class [com.dongkii.book.springboot.web.HelloControllerTest]: HelloControllerTest does not declare any static, non-private, non-final, nested classes annotated with @Configuration.
00:29:52.140 [Test worker] DEBUG org.springframework.test.context.support.ActiveProfilesUtils - Could not find an 'annotation declaring class' for annotation type [org.springframework.test.context.ActiveProfiles] and class [com.dongkii.book.springboot.web.HelloControllerTest]
00:29:52.190 [Test worker] DEBUG org.springframework.context.annotation.ClassPathScanningCandidateComponentProvider - Identified candidate component class: file [C:\Users\dongkii\IdeaProjects\spring-boot-webservice\build\classes\java\main\com\dongkii\book\springboot\Application.class]
00:29:52.191 [Test worker] INFO org.springframework.boot.test.context.SpringBootTestContextBootstrapper - Found @SpringBootConfiguration com.dongkii.book.springboot.Application for test class com.dongkii.book.springboot.web.HelloControllerTest
00:29:52.193 [Test worker] DEBUG org.springframework.boot.test.autoconfigure.web.servlet.WebMvcTestContextBootstrapper - @TestExecutionListeners is not present for class [com.dongkii.book.springboot.web.HelloControllerTest]: using defaults.
00:29:52.194 [Test worker] INFO org.springframework.boot.test.autoconfigure.web.servlet.WebMvcTestContextBootstrapper - Loaded default TestExecutionListener class names from location [META-INF/spring.factories]: [org.springframework.security.test.context.support.WithSecurityContextTestExecutionListener, org.springframework.security.test.context.support.ReactorContextTestExecutionListener, org.springframework.boot.test.autoconfigure.restdocs.RestDocsTestExecutionListener, org.springframework.boot.test.autoconfigure.web.client.MockRestServiceServerResetTestExecutionListener, org.springframework.boot.test.autoconfigure.web.servlet.MockMvcPrintOnlyOnFailureTestExecutionListener, org.springframework.boot.test.autoconfigure.web.servlet.WebDriverTestExecutionListener, org.springframework.boot.test.autoconfigure.webservices.client.MockWebServiceServerTestExecutionListener, org.springframework.boot.test.mock.mockito.MockitoTestExecutionListener, org.springframework.boot.test.mock.mockito.ResetMocksTestExecutionListener, org.springframework.test.context.web.ServletTestExecutionListener, org.springframework.test.context.support.DirtiesContextBeforeModesTestExecutionListener, org.springframework.test.context.support.DependencyInjectionTestExecutionListener, org.springframework.test.context.support.DirtiesContextTestExecutionListener, org.springframework.test.context.transaction.TransactionalTestExecutionListener, org.springframework.test.context.jdbc.SqlScriptsTestExecutionListener, org.springframework.test.context.event.EventPublishingTestExecutionListener]
00:29:52.208 [Test worker] INFO org.springframework.boot.test.autoconfigure.web.servlet.WebMvcTestContextBootstrapper - Using TestExecutionListeners: [org.springframework.test.context.web.ServletTestExecutionListener@5968619, org.springframework.test.context.support.DirtiesContextBeforeModesTestExecutionListener@5f9c446b, org.springframework.boot.test.mock.mockito.MockitoTestExecutionListener@d0c8e46, org.springframework.boot.test.autoconfigure.SpringBootDependencyInjectionTestExecutionListener@407e7349, org.springframework.test.context.support.DirtiesContextTestExecutionListener@71e98311, org.springframework.test.context.transaction.TransactionalTestExecutionListener@4ceb3e5b, org.springframework.test.context.jdbc.SqlScriptsTestExecutionListener@25fcf73e, org.springframework.security.test.context.support.WithSecurityContextTestExecutionListener@162b2cf3, org.springframework.test.context.event.EventPublishingTestExecutionListener@2b67d42c, org.springframework.security.test.context.support.ReactorContextTestExecutionListener@3e6b3efd, org.springframework.boot.test.autoconfigure.restdocs.RestDocsTestExecutionListener@7cec6b09, org.springframework.boot.test.autoconfigure.web.client.MockRestServiceServerResetTestExecutionListener@33ef9cd3, org.springframework.boot.test.autoconfigure.web.servlet.MockMvcPrintOnlyOnFailureTestExecutionListener@26bce836, org.springframework.boot.test.autoconfigure.web.servlet.WebDriverTestExecutionListener@41c7b6ca, org.springframework.boot.test.autoconfigure.webservices.client.MockWebServiceServerTestExecutionListener@5e6c29d8, org.springframework.boot.test.mock.mockito.ResetMocksTestExecutionListener@112a2fc2]
00:29:52.211 [Test worker] DEBUG org.springframework.test.context.support.AbstractDirtiesContextTestExecutionListener - Before test class: context [DefaultTestContext@7aa235b6 testClass = HelloControllerTest, testInstance = [null], testMethod = [null], testException = [null], mergedContextConfiguration = [WebMergedContextConfiguration@46772f1b testClass = HelloControllerTest, locations = '{}', classes = '{class com.dongkii.book.springboot.Application}', contextInitializerClasses = '[]', activeProfiles = '{}', propertySourceLocations = '{}', propertySourceProperties = '{org.springframework.boot.test.autoconfigure.web.servlet.WebMvcTestContextBootstrapper=true}', contextCustomizers = set[org.springframework.boot.test.autoconfigure.OverrideAutoConfigurationContextCustomizerFactory$DisableAutoConfigurationContextCustomizer@511bbf8d, org.springframework.boot.test.autoconfigure.actuate.metrics.MetricsExportContextCustomizerFactory$DisableMetricExportContextCustomizer@1179e9e3, org.springframework.boot.test.autoconfigure.filter.TypeExcludeFiltersContextCustomizer@7ca54a5d, org.springframework.boot.test.autoconfigure.properties.PropertyMappingContextCustomizer@4ab67ac3, org.springframework.boot.test.autoconfigure.web.servlet.WebDriverContextCustomizerFactory$Customizer@122ac074, [ImportsContextCustomizer@4e90b018 key = [org.springframework.boot.autoconfigure.cache.CacheAutoConfiguration, org.springframework.boot.autoconfigure.context.MessageSourceAutoConfiguration, org.springframework.boot.autoconfigure.data.web.SpringDataWebAutoConfiguration, org.springframework.boot.autoconfigure.freemarker.FreeMarkerAutoConfiguration, org.springframework.boot.autoconfigure.groovy.template.GroovyTemplateAutoConfiguration, org.springframework.boot.autoconfigure.gson.GsonAutoConfiguration, org.springframework.boot.autoconfigure.hateoas.HypermediaAutoConfiguration, org.springframework.boot.autoconfigure.http.HttpMessageConvertersAutoConfiguration, org.springframework.boot.autoconfigure.jackson.JacksonAutoConfiguration, org.springframework.boot.autoconfigure.jsonb.JsonbAutoConfiguration, org.springframework.boot.autoconfigure.mustache.MustacheAutoConfiguration, org.springframework.boot.autoconfigure.task.TaskExecutionAutoConfiguration, org.springframework.boot.autoconfigure.thymeleaf.ThymeleafAutoConfiguration, org.springframework.boot.autoconfigure.validation.ValidationAutoConfiguration, org.springframework.boot.autoconfigure.web.servlet.error.ErrorMvcAutoConfiguration, org.springframework.boot.autoconfigure.web.servlet.HttpEncodingAutoConfiguration, org.springframework.boot.autoconfigure.web.servlet.WebMvcAutoConfiguration, org.springframework.boot.test.autoconfigure.web.servlet.MockMvcAutoConfiguration, org.springframework.boot.test.autoconfigure.web.servlet.MockMvcWebClientAutoConfiguration, org.springframework.boot.test.autoconfigure.web.servlet.MockMvcWebDriverAutoConfiguration, org.springframework.boot.autoconfigure.security.oauth2.client.servlet.OAuth2ClientAutoConfiguration, org.springframework.boot.autoconfigure.security.oauth2.resource.servlet.OAuth2ResourceServerAutoConfiguration, org.springframework.boot.autoconfigure.security.servlet.SecurityAutoConfiguration, org.springframework.boot.autoconfigure.security.servlet.SecurityFilterAutoConfiguration, org.springframework.boot.autoconfigure.security.servlet.UserDetailsServiceAutoConfiguration, org.springframework.boot.test.autoconfigure.web.servlet.MockMvcSecurityConfiguration]], org.springframework.boot.test.context.filter.ExcludeFilterContextCustomizer@7dbad9e7, org.springframework.boot.test.json.DuplicateJsonObjectContextCustomizerFactory$DuplicateJsonObjectContextCustomizer@5df2d4e6, org.springframework.boot.test.mock.mockito.MockitoContextCustomizer@0, org.springframework.boot.test.context.SpringBootTestArgs@1, org.springframework.boot.test.context.SpringBootTestWebEnvironment@0], resourceBasePath = 'src/main/webapp', contextLoader = 'org.springframework.boot.test.context.SpringBootContextLoader', parent = [null]], attributes = map[[empty]]], class annotated with @DirtiesContext [false] with mode [null].
00:29:52.221 [Test worker] DEBUG org.springframework.test.context.support.DependencyInjectionTestExecutionListener - Performing dependency injection for test context [[DefaultTestContext@7aa235b6 testClass = HelloControllerTest, testInstance = com.dongkii.book.springboot.web.HelloControllerTest@35754605, testMethod = [null], testException = [null], mergedContextConfiguration = [WebMergedContextConfiguration@46772f1b testClass = HelloControllerTest, locations = '{}', classes = '{class com.dongkii.book.springboot.Application}', contextInitializerClasses = '[]', activeProfiles = '{}', propertySourceLocations = '{}', propertySourceProperties = '{org.springframework.boot.test.autoconfigure.web.servlet.WebMvcTestContextBootstrapper=true}', contextCustomizers = set[org.springframework.boot.test.autoconfigure.OverrideAutoConfigurationContextCustomizerFactory$DisableAutoConfigurationContextCustomizer@511bbf8d, org.springframework.boot.test.autoconfigure.actuate.metrics.MetricsExportContextCustomizerFactory$DisableMetricExportContextCustomizer@1179e9e3, org.springframework.boot.test.autoconfigure.filter.TypeExcludeFiltersContextCustomizer@7ca54a5d, org.springframework.boot.test.autoconfigure.properties.PropertyMappingContextCustomizer@4ab67ac3, org.springframework.boot.test.autoconfigure.web.servlet.WebDriverContextCustomizerFactory$Customizer@122ac074, [ImportsContextCustomizer@4e90b018 key = [org.springframework.boot.autoconfigure.cache.CacheAutoConfiguration, org.springframework.boot.autoconfigure.context.MessageSourceAutoConfiguration, org.springframework.boot.autoconfigure.data.web.SpringDataWebAutoConfiguration, org.springframework.boot.autoconfigure.freemarker.FreeMarkerAutoConfiguration, org.springframework.boot.autoconfigure.groovy.template.GroovyTemplateAutoConfiguration, org.springframework.boot.autoconfigure.gson.GsonAutoConfiguration, org.springframework.boot.autoconfigure.hateoas.HypermediaAutoConfiguration, org.springframework.boot.autoconfigure.http.HttpMessageConvertersAutoConfiguration, org.springframework.boot.autoconfigure.jackson.JacksonAutoConfiguration, org.springframework.boot.autoconfigure.jsonb.JsonbAutoConfiguration, org.springframework.boot.autoconfigure.mustache.MustacheAutoConfiguration, org.springframework.boot.autoconfigure.task.TaskExecutionAutoConfiguration, org.springframework.boot.autoconfigure.thymeleaf.ThymeleafAutoConfiguration, org.springframework.boot.autoconfigure.validation.ValidationAutoConfiguration, org.springframework.boot.autoconfigure.web.servlet.error.ErrorMvcAutoConfiguration, org.springframework.boot.autoconfigure.web.servlet.HttpEncodingAutoConfiguration, org.springframework.boot.autoconfigure.web.servlet.WebMvcAutoConfiguration, org.springframework.boot.test.autoconfigure.web.servlet.MockMvcAutoConfiguration, org.springframework.boot.test.autoconfigure.web.servlet.MockMvcWebClientAutoConfiguration, org.springframework.boot.test.autoconfigure.web.servlet.MockMvcWebDriverAutoConfiguration, org.springframework.boot.autoconfigure.security.oauth2.client.servlet.OAuth2ClientAutoConfiguration, org.springframework.boot.autoconfigure.security.oauth2.resource.servlet.OAuth2ResourceServerAutoConfiguration, org.springframework.boot.autoconfigure.security.servlet.SecurityAutoConfiguration, org.springframework.boot.autoconfigure.security.servlet.SecurityFilterAutoConfiguration, org.springframework.boot.autoconfigure.security.servlet.UserDetailsServiceAutoConfiguration, org.springframework.boot.test.autoconfigure.web.servlet.MockMvcSecurityConfiguration]], org.springframework.boot.test.context.filter.ExcludeFilterContextCustomizer@7dbad9e7, org.springframework.boot.test.json.DuplicateJsonObjectContextCustomizerFactory$DuplicateJsonObjectContextCustomizer@5df2d4e6, org.springframework.boot.test.mock.mockito.MockitoContextCustomizer@0, org.springframework.boot.test.context.SpringBootTestArgs@1, org.springframework.boot.test.context.SpringBootTestWebEnvironment@0], resourceBasePath = 'src/main/webapp', contextLoader = 'org.springframework.boot.test.context.SpringBootContextLoader', parent = [null]], attributes = map[[empty]]]].
00:29:52.241 [Test worker] DEBUG org.springframework.test.context.support.TestPropertySourceUtils - Adding inlined properties to environment: {spring.jmx.enabled=false, org.springframework.boot.test.autoconfigure.web.servlet.WebMvcTestContextBootstrapper=true}

  .   ____          _            __ _ _
 /\\ / ___'_ __ _ _(_)_ __  __ _ \ \ \ \
( ( )\___ | '_ | '_| | '_ \/ _` | \ \ \ \
 \\/  ___)| |_)| | | | | || (_| |  ) ) ) )
  '  |____| .__|_| |_|_| |_\__, | / / / /
 =========|_|==============|___/=/_/_/_/
 :: Spring Boot ::                (v2.4.1)

2022-02-14 00:29:52.510  INFO 8548 --- [    Test worker] c.d.b.s.web.HelloControllerTest          : Starting HelloControllerTest using Java 11.0.14 on dongkii_pc with PID 8548 (started by dongkii in C:\Users\dongkii\IdeaProjects\spring-boot-webservice)
2022-02-14 00:29:52.511  INFO 8548 --- [    Test worker] c.d.b.s.web.HelloControllerTest          : The following profiles are active: oauth
2022-02-14 00:29:53.333  INFO 8548 --- [    Test worker] o.s.s.concurrent.ThreadPoolTaskExecutor  : Initializing ExecutorService 'applicationTaskExecutor'
2022-02-14 00:29:53.410  INFO 8548 --- [    Test worker] o.s.b.a.w.s.WelcomePageHandlerMapping    : Adding welcome page template: index
2022-02-14 00:29:53.737  INFO 8548 --- [    Test worker] o.s.s.web.DefaultSecurityFilterChain     : Will secure any request with [org.springframework.security.web.context.request.async.WebAsyncManagerIntegrationFilter@61c5e8e8, org.springframework.security.web.context.SecurityContextPersistenceFilter@15a7c6c5, org.springframework.security.web.header.HeaderWriterFilter@537958de, org.springframework.security.web.csrf.CsrfFilter@152b2621, org.springframework.security.web.authentication.logout.LogoutFilter@71d74d43, org.springframework.security.oauth2.client.web.OAuth2AuthorizationRequestRedirectFilter@7bcfbc81, org.springframework.security.oauth2.client.web.OAuth2AuthorizationRequestRedirectFilter@1207fe4, org.springframework.security.oauth2.client.web.OAuth2LoginAuthenticationFilter@3d4cfedd, org.springframework.security.web.authentication.ui.DefaultLoginPageGeneratingFilter@48f2030e, org.springframework.security.web.authentication.ui.DefaultLogoutPageGeneratingFilter@3f2dff83, org.springframework.security.web.savedrequest.RequestCacheAwareFilter@774ffa53, org.springframework.security.web.servletapi.SecurityContextHolderAwareRequestFilter@3ceeebf1, org.springframework.security.web.authentication.AnonymousAuthenticationFilter@219a6aa8, org.springframework.security.oauth2.client.web.OAuth2AuthorizationCodeGrantFilter@8ef0298, org.springframework.security.web.session.SessionManagementFilter@732bd5aa, org.springframework.security.web.access.ExceptionTranslationFilter@75d84fb6, org.springframework.security.web.access.intercept.FilterSecurityInterceptor@4129f9d9]
2022-02-14 00:29:53.820  INFO 8548 --- [    Test worker] o.s.b.t.m.w.SpringBootMockServletContext : Initializing Spring TestDispatcherServlet ''
2022-02-14 00:29:53.820  INFO 8548 --- [    Test worker] o.s.t.web.servlet.TestDispatcherServlet  : Initializing Servlet ''
2022-02-14 00:29:53.821  INFO 8548 --- [    Test worker] o.s.t.web.servlet.TestDispatcherServlet  : Completed initialization in 1 ms
2022-02-14 00:29:53.851  INFO 8548 --- [    Test worker] c.d.b.s.web.HelloControllerTest          : Started HelloControllerTest in 1.602 seconds (JVM running for 2.503)
]]></system-out>
  <system-err><![CDATA[]]></system-err>
</testsuite>
