<?xml version="1.0" encoding="UTF-8"?>
<testsuite name="com.dongkii.book.springboot.web.PostsApiControllerTest" tests="2" skipped="0" failures="0" errors="0" timestamp="2022-02-13T15:29:58" hostname="DONGKII_PC" time="0.067">
  <properties/>
  <testcase name="Posts_등록된다()" classname="com.dongkii.book.springboot.web.PostsApiControllerTest" time="0.048"/>
  <testcase name="Posts_수정된다()" classname="com.dongkii.book.springboot.web.PostsApiControllerTest" time="0.018"/>
  <system-out><![CDATA[2022-02-14 00:29:58.336  INFO 8548 --- [    Test worker] .b.t.c.SpringBootTestContextBootstrapper : Neither @ContextConfiguration nor @ContextHierarchy found for test class [com.dongkii.book.springboot.web.PostsApiControllerTest], using SpringBootContextLoader
2022-02-14 00:29:58.336  INFO 8548 --- [    Test worker] o.s.t.c.support.AbstractContextLoader    : Could not detect default resource locations for test class [com.dongkii.book.springboot.web.PostsApiControllerTest]: no resource found for suffixes {-context.xml, Context.groovy}.
2022-02-14 00:29:58.336  INFO 8548 --- [    Test worker] t.c.s.AnnotationConfigContextLoaderUtils : Could not detect default configuration classes for test class [com.dongkii.book.springboot.web.PostsApiControllerTest]: PostsApiControllerTest does not declare any static, non-private, non-final, nested classes annotated with @Configuration.
2022-02-14 00:29:58.338  INFO 8548 --- [    Test worker] .b.t.c.SpringBootTestContextBootstrapper : Found @SpringBootConfiguration com.dongkii.book.springboot.Application for test class com.dongkii.book.springboot.web.PostsApiControllerTest
2022-02-14 00:29:58.339  INFO 8548 --- [    Test worker] .b.t.c.SpringBootTestContextBootstrapper : Loaded default TestExecutionListener class names from location [META-INF/spring.factories]: [org.springframework.security.test.context.support.WithSecurityContextTestExecutionListener, org.springframework.security.test.context.support.ReactorContextTestExecutionListener, org.springframework.boot.test.autoconfigure.restdocs.RestDocsTestExecutionListener, org.springframework.boot.test.autoconfigure.web.client.MockRestServiceServerResetTestExecutionListener, org.springframework.boot.test.autoconfigure.web.servlet.MockMvcPrintOnlyOnFailureTestExecutionListener, org.springframework.boot.test.autoconfigure.web.servlet.WebDriverTestExecutionListener, org.springframework.boot.test.autoconfigure.webservices.client.MockWebServiceServerTestExecutionListener, org.springframework.boot.test.mock.mockito.MockitoTestExecutionListener, org.springframework.boot.test.mock.mockito.ResetMocksTestExecutionListener, org.springframework.test.context.web.ServletTestExecutionListener, org.springframework.test.context.support.DirtiesContextBeforeModesTestExecutionListener, org.springframework.test.context.support.DependencyInjectionTestExecutionListener, org.springframework.test.context.support.DirtiesContextTestExecutionListener, org.springframework.test.context.transaction.TransactionalTestExecutionListener, org.springframework.test.context.jdbc.SqlScriptsTestExecutionListener, org.springframework.test.context.event.EventPublishingTestExecutionListener]
2022-02-14 00:29:58.340  INFO 8548 --- [    Test worker] .b.t.c.SpringBootTestContextBootstrapper : Using TestExecutionListeners: [org.springframework.test.context.web.ServletTestExecutionListener@55c4e064, org.springframework.test.context.support.DirtiesContextBeforeModesTestExecutionListener@718fe4e, org.springframework.boot.test.mock.mockito.MockitoTestExecutionListener@7996669a, org.springframework.boot.test.autoconfigure.SpringBootDependencyInjectionTestExecutionListener@d48e291, org.springframework.test.context.support.DirtiesContextTestExecutionListener@7f7df49c, org.springframework.test.context.transaction.TransactionalTestExecutionListener@3fd79fb3, org.springframework.test.context.jdbc.SqlScriptsTestExecutionListener@753f8c65, org.springframework.security.test.context.support.WithSecurityContextTestExecutionListener@3fa9b439, org.springframework.test.context.event.EventPublishingTestExecutionListener@2fe06e44, org.springframework.security.test.context.support.ReactorContextTestExecutionListener@2c49460c, org.springframework.boot.test.autoconfigure.restdocs.RestDocsTestExecutionListener@259cab44, org.springframework.boot.test.autoconfigure.web.client.MockRestServiceServerResetTestExecutionListener@5766dbb2, org.springframework.boot.test.autoconfigure.web.servlet.MockMvcPrintOnlyOnFailureTestExecutionListener@7bd81d54, org.springframework.boot.test.autoconfigure.web.servlet.WebDriverTestExecutionListener@1d475d05, org.springframework.boot.test.autoconfigure.webservices.client.MockWebServiceServerTestExecutionListener@5d411362, org.springframework.boot.test.mock.mockito.ResetMocksTestExecutionListener@3c1bf833]
2022-02-14 00:29:58.346  INFO 8548 --- [    Test worker] o.a.c.c.C.[Tomcat].[localhost].[/]       : Initializing Spring TestDispatcherServlet ''
2022-02-14 00:29:58.346  INFO 8548 --- [    Test worker] o.s.t.web.servlet.TestDispatcherServlet  : Initializing Servlet ''
2022-02-14 00:29:58.346  INFO 8548 --- [    Test worker] o.s.t.web.servlet.TestDispatcherServlet  : Completed initialization in 0 ms
Hibernate: insert into posts (created_date, modified_date, author, content, title) values (?, ?, ?, ?, ?)
Hibernate: select posts0_.id as id1_0_, posts0_.created_date as created_2_0_, posts0_.modified_date as modified3_0_, posts0_.author as author4_0_, posts0_.content as content5_0_, posts0_.title as title6_0_ from posts posts0_
Hibernate: select posts0_.id as id1_0_, posts0_.created_date as created_2_0_, posts0_.modified_date as modified3_0_, posts0_.author as author4_0_, posts0_.content as content5_0_, posts0_.title as title6_0_ from posts posts0_
Hibernate: delete from posts where id=?
2022-02-14 00:29:58.392  INFO 8548 --- [    Test worker] o.a.c.c.C.[Tomcat].[localhost].[/]       : Initializing Spring TestDispatcherServlet ''
2022-02-14 00:29:58.392  INFO 8548 --- [    Test worker] o.s.t.web.servlet.TestDispatcherServlet  : Initializing Servlet ''
2022-02-14 00:29:58.392  INFO 8548 --- [    Test worker] o.s.t.web.servlet.TestDispatcherServlet  : Completed initialization in 0 ms
Hibernate: insert into posts (created_date, modified_date, author, content, title) values (?, ?, ?, ?, ?)
Hibernate: select posts0_.id as id1_0_0_, posts0_.created_date as created_2_0_0_, posts0_.modified_date as modified3_0_0_, posts0_.author as author4_0_0_, posts0_.content as content5_0_0_, posts0_.title as title6_0_0_ from posts posts0_ where posts0_.id=?
Hibernate: update posts set created_date=?, modified_date=?, author=?, content=?, title=? where id=?
Hibernate: select posts0_.id as id1_0_, posts0_.created_date as created_2_0_, posts0_.modified_date as modified3_0_, posts0_.author as author4_0_, posts0_.content as content5_0_, posts0_.title as title6_0_ from posts posts0_
Hibernate: select posts0_.id as id1_0_, posts0_.created_date as created_2_0_, posts0_.modified_date as modified3_0_, posts0_.author as author4_0_, posts0_.content as content5_0_, posts0_.title as title6_0_ from posts posts0_
Hibernate: delete from posts where id=?
]]></system-out>
  <system-err><![CDATA[]]></system-err>
</testsuite>
