<?xml version="1.0" encoding="UTF-8"?>
<testsuite name="com.dongkii.book.springboot.web.SolutionControllerTest" tests="1" skipped="0" failures="0" errors="0" timestamp="2022-02-12T12:01:19" hostname="DONGKII_PC" time="0.041">
  <properties/>
  <testcase name="정수_제곱근_판별()" classname="com.dongkii.book.springboot.web.SolutionControllerTest" time="0.041"/>
  <system-out><![CDATA[]]></system-out>
  <system-err><![CDATA[]]></system-err>
</testsuite>
